# JRE version: 7.0_15-b20
# Java VM: OpenJDK 64-Bit Server VM (23.7-b01 mixed mode linux-amd64 compressed oops)
Heap
 PSYoungGen      total 18432K, used 16515K [0x00000000eb600000, 0x00000000eda00000, 0x0000000100000000)
  eden space 15808K, 88% used [0x00000000eb600000,0x00000000ec3961e8,0x00000000ec570000)
  from space 2624K, 99% used [0x00000000ed770000,0x00000000ed9fabd8,0x00000000eda00000)
  to   space 2624K, 0% used [0x00000000ec570000,0x00000000ec570000,0x00000000ec800000)
 ParOldGen       total 42240K, used 4463K [0x00000000c2200000, 0x00000000c4b40000, 0x00000000eb600000)
  object space 42240K, 10% used [0x00000000c2200000,0x00000000c265be68,0x00000000c4b40000)
 PSPermGen       total 21248K, used 20462K [0x00000000b7c00000, 0x00000000b90c0000, 0x00000000c2200000)
  object space 21248K, 96% used [0x00000000b7c00000,0x00000000b8ffb870,0x00000000b90c0000)
GC Heap History (4 events):
Event: 3.147 GC heap before
{Heap before GC invocations=1 (full 0):
 PSYoungGen      total 18432K, used 15808K [0x00000000eb600000, 0x00000000eca90000, 0x0000000100000000)
  eden space 15808K, 100% used [0x00000000eb600000,0x00000000ec570000,0x00000000ec570000)
  from space 2624K, 0% used [0x00000000ec800000,0x00000000ec800000,0x00000000eca90000)
  to   space 2624K, 0% used [0x00000000ec570000,0x00000000ec570000,0x00000000ec800000)
 ParOldGen       total 42240K, used 0K [0x00000000c2200000, 0x00000000c4b40000, 0x00000000eb600000)
  object space 42240K, 0% used [0x00000000c2200000,0x00000000c2200000,0x00000000c4b40000)
 PSPermGen       total 21248K, used 17135K [0x00000000b7c00000, 0x00000000b90c0000, 0x00000000c2200000)
  object space 21248K, 80% used [0x00000000b7c00000,0x00000000b8cbbe48,0x00000000b90c0000)
Event: 3.188 GC heap after
Heap after GC invocations=1 (full 0):
 PSYoungGen      total 18432K, used 2596K [0x00000000eb600000, 0x00000000eda00000, 0x0000000100000000)
  eden space 15808K, 0% used [0x00000000eb600000,0x00000000eb600000,0x00000000ec570000)
  from space 2624K, 98% used [0x00000000ec570000,0x00000000ec7f9348,0x00000000ec800000)
  to   space 2624K, 0% used [0x00000000ed770000,0x00000000ed770000,0x00000000eda00000)
 ParOldGen       total 42240K, used 2260K [0x00000000c2200000, 0x00000000c4b40000, 0x00000000eb600000)
  object space 42240K, 5% used [0x00000000c2200000,0x00000000c2435238,0x00000000c4b40000)
 PSPermGen       total 21248K, used 17135K [0x00000000b7c00000, 0x00000000b90c0000, 0x00000000c2200000)
  object space 21248K, 80% used [0x00000000b7c00000,0x00000000b8cbbe48,0x00000000b90c0000)
}
Event: 25.945 GC heap before
{Heap before GC invocations=2 (full 0):
 PSYoungGen      total 18432K, used 18404K [0x00000000eb600000, 0x00000000eda00000, 0x0000000100000000)
  eden space 15808K, 100% used [0x00000000eb600000,0x00000000ec570000,0x00000000ec570000)
  from space 2624K, 98% used [0x00000000ec570000,0x00000000ec7f9348,0x00000000ec800000)
  to   space 2624K, 0% used [0x00000000ed770000,0x00000000ed770000,0x00000000eda00000)
 ParOldGen       total 42240K, used 2260K [0x00000000c2200000, 0x00000000c4b40000, 0x00000000eb600000)
  object space 42240K, 5% used [0x00000000c2200000,0x00000000c2435238,0x00000000c4b40000)
 PSPermGen       total 21248K, used 19851K [0x00000000b7c00000, 0x00000000b90c0000, 0x00000000c2200000)
  object space 21248K, 93% used [0x00000000b7c00000,0x00000000b8f62d68,0x00000000b90c0000)
Event: 25.958 GC heap after
Heap after GC invocations=2 (full 0):
 PSYoungGen      total 18432K, used 2602K [0x00000000eb600000, 0x00000000eda00000, 0x0000000100000000)
  eden space 15808K, 0% used [0x00000000eb600000,0x00000000eb600000,0x00000000ec570000)
  from space 2624K, 99% used [0x00000000ed770000,0x00000000ed9fabd8,0x00000000eda00000)
  to   space 2624K, 0% used [0x00000000ec570000,0x00000000ec570000,0x00000000ec800000)
 ParOldGen       total 42240K, used 4463K [0x00000000c2200000, 0x00000000c4b40000, 0x00000000eb600000)
  object space 42240K, 10% used [0x00000000c2200000,0x00000000c265be68,0x00000000c4b40000)
 PSPermGen       total 21248K, used 19851K [0x00000000b7c00000, 0x00000000b90c0000, 0x00000000c2200000)
  object space 21248K, 93% used [0x00000000b7c00000,0x00000000b8f62d68,0x00000000b90c0000)
}

